==============================================================================
Parallel Smart Contract Security Tests Using Consensys Mythril And Napalm T...
==============================================================================
Parallel Smart Contract Security Tests Using Consensys Mythril And Napalm T...
==============================================================================
TEST : Get verified smart contracts for address 0x29844D24b3Fb73bE... ...
...
...
General information about the contract that will be scanned for vulnerabilities in a Docker Container.
polygonscan.com >>> 0x29844D24b3Fb73bED90Db8922d411f5a063AC7D5 >>> /tmp/downloaded-contracts-in-docker/polygon-contract1.sol
...
...
...
...
...
...
Checking the results of the Consensys Mythril security analysis tool for EVM bytecode.
...
...
...
| PASS |
------------------------------------------------------------------------------
TEST : Get verified smart contracts for address 0x544EdDbFE72EF0b3... ...
...
...
General information about the contract that will be scanned for vulnerabilities in a Docker Container.
polygonscan.com >>> 0x544EdDbFE72EF0b3Ef21D08af38b327c2aAb6163 >>> /tmp/downloaded-contracts-in-docker/polygon-contract2.sol
...
...
...
...
...
...
Checking the results of the Consensys Mythril security analysis tool for EVM bytecode.
...
...
...
  
  Traceback (most recent call last):
    ~~~~~~~~~~~~~~~~~~~~~~~~~~~~~~~~~~~~~~~~~~~~~~~~~~~~~~~~~~~~~~~~~~~~~~~~~~
    File  /Users/jgorospe/Documents/GitHub/Robot-Framework-Solidity-Testing-Toolkit_RoboCon-2024-WIP-Part1-Parallel-Datadriven-Security-Tests/solidity-parallel-datadriven-security-tools/robotframework-security-test-mythril-runner.robot:14
    T:  TEST : Get verified smart contracts for address 0x544EdDbFE72EF0b3Ef21D08af38b327c2aAb6163 and log the contract information from the polygonscan.com Mainnet blockchain explorer. Then run the Consensys Mythril security analysis tool to check for Solidity vulnerabilities using EVM bytecode.    
    ~~~~~~~~~~~~~~~~~~~~~~~~~~~~~~~~~~~~~~~~~~~~~~~~~~~~~~~~~~~~~~~~~~~~~~~~~~
    File  /Users/jgorospe/Documents/GitHub/Robot-Framework-Solidity-Testing-Toolkit_RoboCon-2024-WIP-Part1-Parallel-Datadriven-Security-Tests/solidity-parallel-datadriven-security-tools/robotframework-security-test-mythril-runner.robot:18
      Run Mythril Docker Container Vulnerability Scan    EXPLORER_URL=polygonscan.com    CONTRACT_ADDRESS=0x544EdDbFE72EF0b3Ef21D08af38b327c2aAb6163    DOCKER_FILE_PATH=/tmp/downloaded-contracts-in-docker/polygon-contract2.sol
    ~~~~~~~~~~~~~~~~~~~~~~~~~~~~~~~~~~~~~~~~~~~~~~~~~~~~~~~~~~~~~~~~~~~~~~~~~~
    File  /Users/jgorospe/Documents/GitHub/Robot-Framework-Solidity-Testing-Toolkit_RoboCon-2024-WIP-Part1-Parallel-Datadriven-Security-Tests/solidity-parallel-datadriven-security-tools/robotframework-security-test-mythril-runner.robot:31
      Check Mythril Vulnerability Analysis Results    ${EXPLORER_URL}    ${CONTRACT_ADDRESS}
      |  ${EXPLORER_URL} = polygonscan.com (str)
      |  ${CONTRACT_ADDRESS} = 0x544EdDbFE72EF0b3Ef21D08af38b327c2aAb6163 (str)
    ~~~~~~~~~~~~~~~~~~~~~~~~~~~~~~~~~~~~~~~~~~~~~~~~~~~~~~~~~~~~~~~~~~~~~~~~~~
    File  /Users/jgorospe/Documents/GitHub/Robot-Framework-Solidity-Testing-Toolkit_RoboCon-2024-WIP-Part1-Parallel-Datadriven-Security-Tests/solidity-parallel-datadriven-security-tools/robotframework-security-test-mythril-runner.robot:44
      Should Not Contain    ${MYTHRIL_OUTPUT}    Severity
      |  ${MYTHRIL_OUTPUT} = Now running...'mythril/myth analyze /tmp/downloaded-contracts-in-docker/polygon-contract2.sol -o markdown'
# Analysis results for /tmp/downloaded-contracts-in-docker/polygon-contract2.sol

## Dependence on predictable environment variable
- SWC ID: 116
- Severity: Low
- Contract: TemporaryBalance
- Function name: `removeTemporaryBalance(address,address)`
- PC address: 1187
- Estimated Gas Usage: 2547 - 3352

### Description

A control flow decision is made based on The block.timestamp environment variable.
The block.timestamp environment variable is used to determine a control flow decision. Note that the values of variables like coinbase, gaslimit, block number and timestamp are predictable and can be manipulated by a malicious mine...
    [ Message content over the limit has been removed. ]
if
```

### Initial State:

Account: [CREATOR], balance: 0x0, nonce:0, storage:{}
Account: [ATTACKER], balance: 0x0, nonce:0, storage:{}

### Transaction Sequence

Caller: [CREATOR], calldata: , decoded_data: , value: 0x0
Caller: [CREATOR], function: displayTemporaryBalance(address,address,uint256), txdata: 0x8fcc0e04000000000000000000000000000000000000000000000000000000000000004a00000000000000000000000000000000000000000000000000000000000000000000000000000000000000000000000000000000000000000000000000000000, decoded_data: ('0x000000000000000000000000000000000000004a', '0x0000000000000000000000000000000000000000', 0), value: 0x0


 (str)
______________________________________________________________________________
| FAIL |
'Now running...'mythril/myth analyze /tmp/downloaded-contracts-in-docker/polygon-contract2.sol -o markdown'
# Analysis results for /tmp/downloaded-contracts-in-docker/polygon-contract2.sol

## Dependence on predictable environment variable
- SWC ID: 116
- Severity: Low
- Contract: TemporaryBalance
- Function name: `removeTemporaryBalance(address,address)`
- PC address: 1187
- Estimated Gas Usage: 2547 - 3352

### Description

A control flow decision is made based on The block.timestamp environment variable.
The block.timestamp environment variable is used to determine a control flow decision. Note that the values of variables like coinbase, gaslimit, block number and timestamp are predictable and can be manipulated by a malicious mine...
    [ Message content over the limit has been removed. ]
if
```

### Initial State:

Account: [CREATOR], balance: 0x0, nonce:0, storage:{}
Account: [ATTACKER], balance: 0x0, nonce:0, storage:{}

### Transaction Sequence

Caller: [CREATOR], calldata: , decoded_data: , value: 0x0
Caller: [CREATOR], function: displayTemporaryBalance(address,address,uint256), txdata: 0x8fcc0e04000000000000000000000000000000000000000000000000000000000000004a00000000000000000000000000000000000000000000000000000000000000000000000000000000000000000000000000000000000000000000000000000000, decoded_data: ('0x000000000000000000000000000000000000004a', '0x0000000000000000000000000000000000000000', 0), value: 0x0


' contains 'Severity'
------------------------------------------------------------------------------
TEST : Get verified smart contracts for address 0x4c2268cea738be02... ...
...
...
General information about the contract that will be scanned for vulnerabilities in a Docker Container.
etherscan.io >>> 0x4c2268cea738be02BF7c89fd9bd17BABd4470e54 >>> /tmp/downloaded-contracts-in-docker/ethereum-contract1.sol
...
...
...
...
...
...
Checking the results of the Consensys Mythril security analysis tool for EVM bytecode.
...
...
...
| PASS |
------------------------------------------------------------------------------
TEST : Get verified smart contracts for address 0x7f7C81c5792008Fd... ...
...
...
General information about the contract that will be scanned for vulnerabilities in a Docker Container.
etherscan.io >>> 0x7f7C81c5792008Fd67097F5CB4130E1F83D52D72 >>> /tmp/downloaded-contracts-in-docker/ethereum-contract2.sol
...
...
...
...
...
...
Checking the results of the Consensys Mythril security analysis tool for EVM bytecode.
...
...
...
| PASS |
------------------------------------------------------------------------------
Parallel Smart Contract Security Tests Using Consensys Mythril And... | FAIL |
4 tests, 3 passed, 1 failed
==============================================================================
Parallel Smart Contract Security Tests Using Consensys Mythril And... | FAIL |
4 tests, 3 passed, 1 failed
==============================================================================
Output:  /Users/jgorospe/Documents/GitHub/Robot-Framework-Solidity-Testing-Toolkit_RoboCon-2024-WIP-Part1-Parallel-Datadriven-Security-Tests/solidity-parallel-datadriven-security-tools/logs/pabot_results/0/smart-contract-parallel-security-tests-output.xml
